C51 COMPILER V9.57.0.0   SWITCH_INTERFACING_8051                                           04/27/2020 08:44:55 PAGE 1   


C51 COMPILER V9.57.0.0, COMPILATION OF MODULE SWITCH_INTERFACING_8051
OBJECT MODULE PLACED IN .\Objects\Switch_Interfacing_8051.obj
COMPILER INVOKED BY: C:\Keil_C51_8051\C51\BIN\C51.EXE Switch_Interfacing_8051.c OPTIMIZE(8,SPEED) BROWSE DEBUG OBJECTEXT
                    -END PRINT(.\Listings\Switch_Interfacing_8051.lst) TABS(2) OBJECT(.\Objects\Switch_Interfacing_8051.obj)

line level    source

   1          #include <REGX51.H>
   2          
   3          sbit button = P1^0;     //  Assign Pin 1.0 connect to button
   4          sbit led = P2^0;      //  Assign Pin 2.0 connect to led
   5          
   6          void delay (unsigned int time)    //  Definition of Delay function is declared
   7          {
   8   1        unsigned int i,j;
   9   1        for (i=0;i<time;i++)
  10   1        {
  11   2          for(j=0;j<1275;j++);
  12   2        }
  13   1      }
  14          
  15          void main ()
  16          {
  17   1        int b=0;
  18   1        button = 1;
  19   1        led = 0;
  20   1        while(1)
  21   1        {
  22   2          if (button==0)
  23   2          {
  24   3            delay(50);
  25   3            led=1;
  26   3            b++;
  27   3            if (b==2)
  28   3            {
  29   4              led=0;
  30   4              b=0;
  31   4            }
  32   3          }
  33   2        }
  34   1      }
  35          
  36          


MODULE INFORMATION:   STATIC OVERLAYABLE
   CODE SIZE        =     68    ----
   CONSTANT SIZE    =   ----    ----
   XDATA SIZE       =   ----    ----
   PDATA SIZE       =   ----    ----
   DATA SIZE        =   ----    ----
   IDATA SIZE       =   ----    ----
   BIT SIZE         =   ----    ----
END OF MODULE INFORMATION.


C51 COMPILATION COMPLETE.  0 WARNING(S),  0 ERROR(S)
